2024.09.08 14:22:27 INFO  Started: Metals version 1.3.5 in folders '/home/beliniko/development/scala/scala-native-test' for client Visual Studio Code 1.93.0.
SLF4J(W): Class path contains multiple SLF4J providers.
SLF4J(W): Found provider [scribe.slf4j.ScribeServiceProvider@47706e3f]
SLF4J(W): Found provider [ch.qos.logback.classic.spi.LogbackServiceProvider@7ce662ab]
SLF4J(W): See https://www.slf4j.org/codes.html#multiple_bindings for an explanation.
SLF4J(I): Actual provider is of type [scribe.slf4j.ScribeServiceProvider@47706e3f]
2024.09.08 14:22:27 WARN  Flyway upgrade recommended: H2 2.3.230 is newer than this version of Flyway and support has not been tested. The latest supported version of H2 is 2.2.220.
2024.09.08 14:22:28 INFO  no build target found for /home/beliniko/development/scala/scala-native-test/build.sbt. Using presentation compiler with project's scala-library version: 3.3.3
2024.09.08 14:22:31 INFO  running '/home/beliniko/.local/share/coursier/bin/sbt -Dbloop.export-jar-classifiers=sources bloopInstall'
2024.09.08 14:22:31 INFO  no build target found for /home/beliniko/development/scala/scala-native-test/build.sbt. Using presentation compiler with project's scala-library version: 3.3.3
2024.09.08 14:22:32 ERROR [info] [launcher] getting org.scala-sbt sbt 1.10.0  (this may take some time)...
2024.09.08 14:22:40 INFO  [info] welcome to sbt 1.10.0 (Ubuntu Java 21.0.4)
2024.09.08 14:22:42 WARN  no build target for: /home/beliniko/development/scala/scala-native-test/project/metals.sbt
2024.09.08 14:22:42 INFO  no build target found for /home/beliniko/development/scala/scala-native-test/project/metals.sbt. Using presentation compiler with project's scala-library version: 3.3.3
2024.09.08 14:22:42 INFO  [info] loading settings for project scala-native-test-build-build-build from metals.sbt ...
2024.09.08 14:22:43 INFO  no build target found for /home/beliniko/development/scala/scala-native-test/project/metals.sbt. Using presentation compiler with project's scala-library version: 3.3.3
2024.09.08 14:22:42 INFO  [info] loading project definition from /home/beliniko/development/scala/scala-native-test/project/project/project
2024.09.08 14:22:43 WARN  Could not find semantic tokens for: file:///home/beliniko/development/scala/scala-native-test/project/metals.sbt
2024.09.08 14:22:45 INFO  [info] loading settings for project scala-native-test-build-build from metals.sbt ...
2024.09.08 14:22:45 INFO  [info] loading project definition from /home/beliniko/development/scala/scala-native-test/project/project
2024.09.08 14:22:45 INFO  no build target found for /home/beliniko/development/scala/scala-native-test/project/metals.sbt. Using presentation compiler with project's scala-library version: 3.3.3
2024.09.08 14:22:45 INFO  no build target found for /home/beliniko/development/scala/scala-native-test/project/plugins.sbt. Using presentation compiler with project's scala-library version: 3.3.3
2024.09.08 14:22:45 WARN  Could not find semantic tokens for: file:///home/beliniko/development/scala/scala-native-test/project/plugins.sbt
2024.09.08 14:22:49 INFO  [success] Generated .bloop/scala-native-test-build-build.json
2024.09.08 14:22:49 INFO  [success] Total time: 4 s, completed 8.9.2024 14:22:49
2024.09.08 14:22:49 INFO  [info] loading settings for project scala-native-test-build from metals.sbt,plugins.sbt ...
2024.09.08 14:22:49 INFO  no build target found for /home/beliniko/development/scala/scala-native-test/build.sbt. Using presentation compiler with project's scala-library version: 3.3.3
2024.09.08 14:22:49 INFO  [info] loading project definition from /home/beliniko/development/scala/scala-native-test/project
2024.09.08 14:22:50 INFO  no build target found for /home/beliniko/development/scala/scala-native-test/build.sbt. Using presentation compiler with project's scala-library version: 3.3.3
2024.09.08 14:22:50 INFO  no build target found for /home/beliniko/development/scala/scala-native-test/build.sbt. Using presentation compiler with project's scala-library version: 3.3.3
2024.09.08 14:22:50 INFO  no build target found for /home/beliniko/development/scala/scala-native-test/build.sbt. Using presentation compiler with project's scala-library version: 3.3.3
2024.09.08 14:22:51 INFO  no build target found for /home/beliniko/development/scala/scala-native-test/build.sbt. Using presentation compiler with project's scala-library version: 3.3.3
2024.09.08 14:22:52 INFO  [success] Generated .bloop/scala-native-test-build.json
2024.09.08 14:22:52 INFO  [success] Total time: 2 s, completed 8.9.2024 14:22:52
2024.09.08 14:22:53 INFO  [info] loading settings for project scala-native-test from build.sbt ...
2024.09.08 14:22:53 INFO  [info] set current project to scala-native-test (in build file:/home/beliniko/development/scala/scala-native-test/)
2024.09.08 14:22:54 INFO  no build target found for /home/beliniko/development/scala/scala-native-test/build.sbt. Using presentation compiler with project's scala-library version: 3.3.3
2024.09.08 14:22:54 INFO  no build target found for /home/beliniko/development/scala/scala-native-test/build.sbt. Using presentation compiler with project's scala-library version: 3.3.3
2024.09.08 14:22:54 INFO  no build target found for /home/beliniko/development/scala/scala-native-test/build.sbt. Using presentation compiler with project's scala-library version: 3.3.3
2024.09.08 14:22:56 INFO  no build target found for /home/beliniko/development/scala/scala-native-test/build.sbt. Using presentation compiler with project's scala-library version: 3.3.3
2024.09.08 14:22:57 WARN  no build target for: /home/beliniko/development/scala/scala-native-test/build.sbt
2024.09.08 14:22:57 INFO  no build target found for /home/beliniko/development/scala/scala-native-test/build.sbt. Using presentation compiler with project's scala-library version: 3.3.3
2024.09.08 14:22:57 INFO  no build target found for /home/beliniko/development/scala/scala-native-test/build.sbt. Using presentation compiler with project's scala-library version: 3.3.3
2024.09.08 14:22:57 INFO  no build target found for /home/beliniko/development/scala/scala-native-test/build.sbt. Using presentation compiler with project's scala-library version: 3.3.3
2024.09.08 14:23:01 INFO  [success] Generated .bloop/scala-native-test-test.json
2024.09.08 14:23:01 INFO  [success] Generated .bloop/scala-native-test.json
2024.09.08 14:23:01 INFO  [success] Total time: 8 s, completed 8.9.2024 14:23:01
2024.09.08 14:23:01 INFO  time: ran 'sbt bloopInstall' in 30s
2024.09.08 14:23:01 INFO  Attempting to connect to the build server...
2024.09.08 14:23:01 INFO  Setting up current java home /usr/lib/jvm/java-21-openjdk-amd64 in /home/beliniko/.bloop/bloop.json
2024.09.08 14:23:12 INFO  tracing is disabled for protocol BSP, to enable tracing of incoming and outgoing JSON messages create an empty file at /home/beliniko/development/scala/scala-native-test/.metals/bsp.trace.json or /home/beliniko/.cache/metals/bsp.trace.json
2024.09.08 14:23:12 INFO  Attempting to connect to the build server...
2024.09.08 14:23:12 INFO  Attempting to connect to the build server...
2024.09.08 14:23:12 INFO  tracing is disabled for protocol BSP, to enable tracing of incoming and outgoing JSON messages create an empty file at /home/beliniko/development/scala/scala-native-test/project/project/.metals/bsp.trace.json or /home/beliniko/.cache/metals/bsp.trace.json
2024.09.08 14:23:12 INFO  tracing is disabled for protocol BSP, to enable tracing of incoming and outgoing JSON messages create an empty file at /home/beliniko/development/scala/scala-native-test/project/.metals/bsp.trace.json or /home/beliniko/.cache/metals/bsp.trace.json
2024.09.08 14:23:16 INFO  time: Connected to build server in 14s
2024.09.08 14:23:16 INFO  Connected to Build server: Bloop v1.6.0
2024.09.08 14:23:16 INFO  time: Imported build in 0.14s
2024.09.08 14:23:16 INFO  running doctor check
2024.09.08 14:23:16 INFO  java targets: scala-native-test, scala-native-test-build-build, scala-native-test-test, scala-native-test-build
2024.09.08 14:23:21 WARN  Could not find java sources in /usr/lib/jvm/src.zip, /usr/lib/jvm/lib/src.zip, /usr/lib/jvm/java-21-openjdk-amd64/src.zip, /usr/lib/jvm/java-21-openjdk-amd64/lib/src.zip. Java symbols will not be available.
2024.09.08 14:23:25 WARN  Could not find java sources in /usr/lib/jvm/src.zip, /usr/lib/jvm/lib/src.zip, /usr/lib/jvm/java-21-openjdk-amd64/src.zip, /usr/lib/jvm/java-21-openjdk-amd64/lib/src.zip. Java symbols will not be available.
2024.09.08 14:23:25 INFO  time: indexed workspace in 9.36s
2024.09.08 14:23:25 WARN  Detecting test frameworks in Scala Native projects is not yet supported
2024.09.08 14:23:28 INFO  time: code lens generation in 1.9s
2024.09.08 14:23:28 INFO  time: code lens generation in 1.57s
2024.09.08 14:23:28 INFO  time: code lens generation in 1.9s
2024.09.08 14:23:28 INFO  time: code lens generation in 1.95s
2024.09.08 14:23:28 INFO  time: code lens generation in 1.95s
2024.09.08 14:23:28 INFO  time: code lens generation in 1.95s
2024.09.08 14:23:28 INFO  time: code lens generation in 1.95s
2024.09.08 14:23:28 INFO  time: code lens generation in 1.95s
2024.09.08 14:23:28 INFO  time: code lens generation in 1.95s
2024.09.08 14:24:27 INFO  running '/home/beliniko/.local/share/coursier/bin/sbt -Dbloop.export-jar-classifiers=sources bloopInstall'
2024.09.08 14:24:28 INFO  [info] welcome to sbt 1.10.0 (Ubuntu Java 21.0.4)
2024.09.08 14:24:28 INFO  [info] loading settings for project scala-native-test-build-build-build from metals.sbt ...
2024.09.08 14:24:30 INFO  [info] loading project definition from /home/beliniko/development/scala/scala-native-test/project/project/project
2024.09.08 14:24:30 INFO  [info] loading settings for project scala-native-test-build-build from metals.sbt ...
2024.09.08 14:24:30 INFO  [info] loading project definition from /home/beliniko/development/scala/scala-native-test/project/project
2024.09.08 14:24:32 INFO  [success] Generated .bloop/scala-native-test-build-build.json
2024.09.08 14:24:32 INFO  [success] Total time: 2 s, completed 8.9.2024 14:24:32
2024.09.08 14:24:32 INFO  [info] loading settings for project scala-native-test-build from metals.sbt,plugins.sbt ...
2024.09.08 14:24:32 INFO  [info] loading project definition from /home/beliniko/development/scala/scala-native-test/project
2024.09.08 14:24:33 ERROR [info] waiting for lock on /home/beliniko/.ivy2/exclude_classifiers.lock to be available...
2024.09.08 14:24:34 INFO  [success] Generated .bloop/scala-native-test-build.json
2024.09.08 14:24:34 INFO  [success] Total time: 1 s, completed 8.9.2024 14:24:34
2024.09.08 14:24:34 INFO  [info] loading settings for project scala-native-test from build.sbt ...
2024.09.08 14:24:34 INFO  [info] set current project to scala-native-test (in build file:/home/beliniko/development/scala/scala-native-test/)
2024.09.08 14:24:34 INFO  [success] Generated .bloop/scala-native-test.json
2024.09.08 14:24:34 INFO  [success] Generated .bloop/scala-native-test-test.json
2024.09.08 14:24:34 INFO  [success] Total time: 0 s, completed 8.9.2024 14:24:35
2024.09.08 14:24:35 INFO  time: ran 'sbt bloopInstall' in 7.85s
2024.09.08 14:24:35 INFO  Disconnecting from Bloop session...
2024.09.08 14:24:35 INFO  Shut down connection with build server.
2024.09.08 14:24:35 INFO  Shut down connection with build server.
2024.09.08 14:24:35 INFO  Shut down connection with build server.
2024.09.08 14:24:35 INFO  Attempting to connect to the build server...
2024.09.08 14:24:35 INFO  tracing is disabled for protocol BSP, to enable tracing of incoming and outgoing JSON messages create an empty file at /home/beliniko/development/scala/scala-native-test/.metals/bsp.trace.json or /home/beliniko/.cache/metals/bsp.trace.json
2024.09.08 14:24:35 INFO  Attempting to connect to the build server...
2024.09.08 14:24:35 INFO  Attempting to connect to the build server...
2024.09.08 14:24:35 INFO  tracing is disabled for protocol BSP, to enable tracing of incoming and outgoing JSON messages create an empty file at /home/beliniko/development/scala/scala-native-test/project/project/.metals/bsp.trace.json or /home/beliniko/.cache/metals/bsp.trace.json
2024.09.08 14:24:35 INFO  tracing is disabled for protocol BSP, to enable tracing of incoming and outgoing JSON messages create an empty file at /home/beliniko/development/scala/scala-native-test/project/.metals/bsp.trace.json or /home/beliniko/.cache/metals/bsp.trace.json
2024.09.08 14:24:35 INFO  time: Connected to build server in 60ms
2024.09.08 14:24:35 INFO  Connected to Build server: Bloop v1.6.0
2024.09.08 14:24:35 INFO  running doctor check
2024.09.08 14:24:35 INFO  java targets: scala-native-test, scala-native-test-build-build, scala-native-test-test, scala-native-test-build
2024.09.08 14:24:37 WARN  Could not find java sources in /usr/lib/jvm/src.zip, /usr/lib/jvm/lib/src.zip, /usr/lib/jvm/java-21-openjdk-amd64/src.zip, /usr/lib/jvm/java-21-openjdk-amd64/lib/src.zip. Java symbols will not be available.
2024.09.08 14:24:37 WARN  Could not find java sources in /usr/lib/jvm/src.zip, /usr/lib/jvm/lib/src.zip, /usr/lib/jvm/java-21-openjdk-amd64/src.zip, /usr/lib/jvm/java-21-openjdk-amd64/lib/src.zip. Java symbols will not be available.
2024.09.08 14:24:37 INFO  time: indexed workspace in 1.62s
2024.09.08 14:24:37 WARN  Detecting test frameworks in Scala Native projects is not yet supported
2024.09.08 14:25:07 INFO  compiling scala-native-test (1 scala source)
2024.09.08 14:25:10 INFO  time: compiled scala-native-test in 3.08s
2024.09.08 14:25:13 INFO  compiling scala-native-test (1 scala source)
2024.09.08 14:25:13 INFO  Starting debug runner for [Main]
2024.09.08 14:25:13 INFO  Computing sources and classpath hashes for scala-native-test
2024.09.08 14:25:13 INFO  Deduplicating compilation of scala-native-test from bsp client 'Metals 1.3.5' (since 38.103s)
2024.09.08 14:25:13 INFO  Computing sources and classpath hashes for scala-native-test
2024.09.08 14:25:13 INFO  Scheduling compilation for scala-native-test...
2024.09.08 14:25:13 INFO  Using successful result for scala-native-test associated with /home/beliniko/development/scala/scala-native-test/.bloop/scala-native-test/bloop-internal-classes/classes-Metals-Aug90SRPSLCC-PE9RrErLA==-pyxlImyqRzGcqrysv6ZcHw==
2024.09.08 14:25:13 INFO  Disabled compiler plugin classloading, unsupported in 3.
2024.09.08 14:25:13 INFO  External classes directory /home/beliniko/development/scala/scala-native-test/.bloop/scala-native-test/bloop-bsp-clients-classes/classes-Metals-Aug90SRPSLCC-PE9RrErLA==
2024.09.08 14:25:13 INFO  Read-only classes directory /home/beliniko/development/scala/scala-native-test/.bloop/scala-native-test/bloop-internal-classes/classes-Metals-Aug90SRPSLCC-PE9RrErLA==-pyxlImyqRzGcqrysv6ZcHw==
2024.09.08 14:25:13 INFO  New rw classes directory /home/beliniko/development/scala/scala-native-test/.bloop/scala-native-test/bloop-internal-classes/classes-Metals-Aug90SRPSLCC-PE9RrErLA==-YY3efEznTrSw-sCLnx3V3Q==
2024.09.08 14:25:13 INFO  Initial source changes:
	removed: Set()
	added: Set()
	modified: Set(/home/beliniko/development/scala/scala-native-test/src/main/scala/Main.scala)
Invalidated products: Set()
External API changes: API Changes: Set()
Modified binary dependencies: Set()
Initial directly invalidated classes: Set(Main)
Sources indirectly invalidated by:
	product: Set()
	binary dep: Set()
	external source: Set()
2024.09.08 14:25:13 INFO  All sources are invalidated.
2024.09.08 14:25:13 INFO  Initial set of included nodes: Main
2024.09.08 14:25:13 INFO  Recompiling all sources: number of invalidated sources > 50.0 percent of all sources
2024.09.08 14:25:13 INFO  compiling scala-native-test (1 scala source)
2024.09.08 14:25:13 INFO  Returning already retrieved and compiled bridge: /home/beliniko/.cache/bloop/components/org.scala-lang-scala3-sbt-bridge-3.3.3-bin_3.3.3__65.0/scala3-sbt-bridge-3.3.3.jar.
2024.09.08 14:25:13 INFO  [zinc] Running cached compiler 47add646 for Scala Compiler version 3.3.3
2024.09.08 14:25:13 INFO  [zinc] The Scala compiler is invoked with:
	-Xplugin:/home/beliniko/.cache/coursier/v1/https/repo1.maven.org/maven2/org/scala-native/nscplugin_3.3.3/0.5.1/nscplugin_3.3.3-0.5.1.jar
	-Xsemanticdb
	-sourceroot
	/home/beliniko/development/scala/scala-native-test
	-classpath
	/home/beliniko/development/scala/scala-native-test/.bloop/scala-native-test/bloop-internal-classes/classes-Metals-Aug90SRPSLCC-PE9RrErLA==-YY3efEznTrSw-sCLnx3V3Q==:/home/beliniko/development/scala/scala-native-test/.bloop/scala-native-test/bloop-internal-classes/classes-Metals-Aug90SRPSLCC-PE9RrErLA==-pyxlImyqRzGcqrysv6ZcHw==:/home/beliniko/.cache/bloop/semanticdb/com.sourcegraph.semanticdb-javac.0.10.0/semanticdb-javac-0.10.0.jar:/home/beliniko/.cache/coursier/v1/https/repo1.maven.org/maven2/com/sourcegraph/semanticdb-javac/0.10.0/semanticdb-javac-0.10.0.jar:/home/beliniko/.cache/coursier/v1/https/repo1.maven.org/maven2/org/scala-lang/scala3-library_3/3.3.3/scala3-library_3-3.3.3.jar:/home/beliniko/.cache/coursier/v1/https/repo1.maven.org/maven2/org/scala-native/scala3lib_native0.5_3/3.3.3%2B0.5.1/scala3lib_native0.5_3-3.3.3%2B0.5.1.jar:/home/beliniko/.cache/coursier/v1/https/repo1.maven.org/maven2/org/scala-native/nativelib_native0.5_3/0.5.1/nativelib_native0.5_3-0.5.1.jar:/home/beliniko/.cache/coursier/v1/https/repo1.maven.org/maven2/org/scala-native/clib_native0.5_3/0.5.1/clib_native0.5_3-0.5.1.jar:/home/beliniko/.cache/coursier/v1/https/repo1.maven.org/maven2/org/scala-native/posixlib_native0.5_3/0.5.1/posixlib_native0.5_3-0.5.1.jar:/home/beliniko/.cache/coursier/v1/https/repo1.maven.org/maven2/org/scala-native/windowslib_native0.5_3/0.5.1/windowslib_native0.5_3-0.5.1.jar:/home/beliniko/.cache/coursier/v1/https/repo1.maven.org/maven2/org/scala-native/javalib_native0.5_3/0.5.1/javalib_native0.5_3-0.5.1.jar:/home/beliniko/.cache/coursier/v1/https/repo1.maven.org/maven2/org/scala-native/auxlib_native0.5_3/0.5.1/auxlib_native0.5_3-0.5.1.jar:/home/beliniko/.cache/coursier/v1/https/repo1.maven.org/maven2/org/scala-lang/scala-library/2.13.13/scala-library-2.13.13.jar:/home/beliniko/.cache/coursier/v1/https/repo1.maven.org/maven2/org/scala-native/scalalib_native0.5_2.13/2.13.13%2B0.5.1/scalalib_native0.5_2.13-2.13.13%2B0.5.1.jar
2024.09.08 14:25:13 INFO  time: compiled scala-native-test in 0.36s
2024.09.08 14:25:13 INFO  Updating external classes dir with read only /home/beliniko/development/scala/scala-native-test/.bloop/scala-native-test/bloop-bsp-clients-classes/classes-Metals-Aug90SRPSLCC-PE9RrErLA==
2024.09.08 14:25:13 INFO  Finished copying classes from /home/beliniko/development/scala/scala-native-test/.bloop/scala-native-test/bloop-internal-classes/classes-Metals-Aug90SRPSLCC-PE9RrErLA==-pyxlImyqRzGcqrysv6ZcHw== to /home/beliniko/development/scala/scala-native-test/.bloop/scala-native-test/bloop-bsp-clients-classes/classes-Metals-Aug90SRPSLCC-PE9RrErLA==
2024.09.08 14:25:13 INFO  Skipping delete of /home/beliniko/development/scala/scala-native-test/.bloop/scala-native-test/bloop-internal-classes/classes-Metals-Aug90SRPSLCC-PE9RrErLA==-pyxlImyqRzGcqrysv6ZcHw==, counter is 1
2024.09.08 14:25:15 INFO  Linking (multithreadingEnabled=true, disable if not used) (1128 ms)
2024.09.08 14:25:15 INFO  Discovered 869 classes and 5313 methods after classloading
2024.09.08 14:25:15 INFO  Checking intermediate code (quick) (66 ms)
2024.09.08 14:25:15 INFO  Multithreading was not explicitly enabled - initial class loading has not detected any usage of system threads. Multithreading support will be disabled to improve performance.
2024.09.08 14:25:15 INFO  Linking (multithreadingEnabled=false) (316 ms)
2024.09.08 14:25:15 INFO  Discovered 488 classes and 2474 methods after classloading
2024.09.08 14:25:15 INFO  Checking intermediate code (quick) (9 ms)
2024.09.08 14:25:17 INFO  Discovered 467 classes and 1895 methods after optimization
2024.09.08 14:25:17 INFO  Optimizing (debug mode) (1293 ms)
2024.09.08 14:25:17 INFO  Produced 44 LLVM IR files
2024.09.08 14:25:17 INFO  Generating intermediate code (783 ms)
2024.09.08 14:25:19 INFO  Compiling to native code (1622 ms)
2024.09.08 14:25:19 INFO  Linking with [pthread, dl]
2024.09.08 14:25:19 INFO  Linking native code (immix gc, none lto) (144 ms)
2024.09.08 14:25:19 INFO  Postprocessing (0 ms)
2024.09.08 14:25:19 INFO  Total (5050 ms)
2024.09.08 14:25:19 INFO  Generated native binary '/home/beliniko/development/scala/scala-native-test/.bloop/scala-native-test/scala-native-test.out'
2024.09.08 14:25:19 INFO  Hello, world!
2024.09.08 14:25:19 INFO  Canceling run for [Main]
2024.09.08 14:25:26 INFO  Starting debug runner for [Main]
2024.09.08 14:25:26 INFO  Computing sources and classpath hashes for scala-native-test
2024.09.08 14:25:26 INFO  Scheduling compilation for scala-native-test...
2024.09.08 14:25:26 INFO  Using successful result for scala-native-test associated with /home/beliniko/development/scala/scala-native-test/.bloop/scala-native-test/bloop-internal-classes/classes-Metals-Aug90SRPSLCC-PE9RrErLA==-YY3efEznTrSw-sCLnx3V3Q==
2024.09.08 14:25:26 INFO  Increasing counter for /home/beliniko/development/scala/scala-native-test/.bloop/scala-native-test/bloop-internal-classes/classes-Metals-Aug90SRPSLCC-PE9RrErLA==-YY3efEznTrSw-sCLnx3V3Q== to 1
2024.09.08 14:25:26 INFO  Disabled compiler plugin classloading, unsupported in 3.
2024.09.08 14:25:26 INFO  External classes directory /home/beliniko/development/scala/scala-native-test/.bloop/scala-native-test/bloop-bsp-clients-classes/classes-Metals-Aug90SRPSLCC-PE9RrErLA==
2024.09.08 14:25:26 INFO  Read-only classes directory /home/beliniko/development/scala/scala-native-test/.bloop/scala-native-test/bloop-internal-classes/classes-Metals-Aug90SRPSLCC-PE9RrErLA==-YY3efEznTrSw-sCLnx3V3Q==
2024.09.08 14:25:26 INFO  New rw classes directory /home/beliniko/development/scala/scala-native-test/.bloop/scala-native-test/bloop-internal-classes/classes-Metals-Aug90SRPSLCC-PE9RrErLA==-85lw_p_KRa2B5s37fyMBvQ==
2024.09.08 14:25:26 INFO  No changes
2024.09.08 14:25:26 INFO  Triggering background tasks for /home/beliniko/development/scala/scala-native-test/.bloop/scala-native-test/bloop-bsp-clients-classes/classes-Metals-Aug90SRPSLCC-PE9RrErLA==
2024.09.08 14:25:26 INFO  Recording new last successful request for scala-native-test associated with /home/beliniko/development/scala/scala-native-test/.bloop/scala-native-test/bloop-internal-classes/classes-Metals-Aug90SRPSLCC-PE9RrErLA==-YY3efEznTrSw-sCLnx3V3Q==
2024.09.08 14:25:26 INFO  Updating external classes dir with read only /home/beliniko/development/scala/scala-native-test/.bloop/scala-native-test/bloop-bsp-clients-classes/classes-Metals-Aug90SRPSLCC-PE9RrErLA==
2024.09.08 14:25:26 INFO  Finished copying classes from /home/beliniko/development/scala/scala-native-test/.bloop/scala-native-test/bloop-internal-classes/classes-Metals-Aug90SRPSLCC-PE9RrErLA==-YY3efEznTrSw-sCLnx3V3Q== to /home/beliniko/development/scala/scala-native-test/.bloop/scala-native-test/bloop-bsp-clients-classes/classes-Metals-Aug90SRPSLCC-PE9RrErLA==
2024.09.08 14:25:26 INFO  Skipping delete of /home/beliniko/development/scala/scala-native-test/.bloop/scala-native-test/bloop-internal-classes/classes-Metals-Aug90SRPSLCC-PE9RrErLA==-YY3efEznTrSw-sCLnx3V3Q== associated with no-op result
2024.09.08 14:25:26 INFO  Linking (multithreadingEnabled=true, disable if not used) (531 ms)
2024.09.08 14:25:26 INFO  Discovered 869 classes and 5313 methods after classloading
2024.09.08 14:25:26 INFO  Checking intermediate code (quick) (15 ms)
2024.09.08 14:25:26 INFO  Multithreading was not explicitly enabled - initial class loading has not detected any usage of system threads. Multithreading support will be disabled to improve performance.
2024.09.08 14:25:26 INFO  Linking (multithreadingEnabled=false) (221 ms)
2024.09.08 14:25:26 INFO  Discovered 488 classes and 2474 methods after classloading
2024.09.08 14:25:27 INFO  Checking intermediate code (quick) (6 ms)
2024.09.08 14:25:27 INFO  Discovered 467 classes and 1895 methods after optimization
2024.09.08 14:25:27 INFO  Optimizing (debug mode) (331 ms)
2024.09.08 14:25:27 INFO  Produced 44 LLVM IR files
2024.09.08 14:25:27 INFO  Generating intermediate code (422 ms)
2024.09.08 14:25:29 INFO  Compiling to native code (1387 ms)
2024.09.08 14:25:29 INFO  Linking with [pthread, dl]
2024.09.08 14:25:29 INFO  Linking native code (immix gc, none lto) (136 ms)
2024.09.08 14:25:29 INFO  Postprocessing (0 ms)
2024.09.08 14:25:29 INFO  Generated native binary '/home/beliniko/development/scala/scala-native-test/.bloop/scala-native-test/scala-native-test.out'
2024.09.08 14:25:29 INFO  Total (2812 ms)
2024.09.08 14:25:29 INFO  Hello, world!
2024.09.08 14:25:29 INFO  Canceling run for [Main]
sep. 08, 2024 2:25:58 WÓTPOŁDNJA org.eclipse.lsp4j.jsonrpc.RemoteEndpoint handleCancellation
WARNING: Unmatched cancel notification for request id 235
2024.09.08 14:26:12 INFO  compiling scala-native-test (1 scala source)
2024.09.08 14:26:12 INFO  time: compiled scala-native-test in 0.95s
2024.09.08 14:26:15 INFO  Starting debug runner for [Main]
2024.09.08 14:26:15 INFO  Computing sources and classpath hashes for scala-native-test
2024.09.08 14:26:15 INFO  Scheduling compilation for scala-native-test...
2024.09.08 14:26:15 INFO  Using successful result for scala-native-test associated with /home/beliniko/development/scala/scala-native-test/.bloop/scala-native-test/bloop-internal-classes/classes-Metals-Aug90SRPSLCC-PE9RrErLA==-e45ZgzVgQXmav6Ac3n7t5g==
2024.09.08 14:26:15 INFO  Increasing counter for /home/beliniko/development/scala/scala-native-test/.bloop/scala-native-test/bloop-internal-classes/classes-Metals-Aug90SRPSLCC-PE9RrErLA==-e45ZgzVgQXmav6Ac3n7t5g== to 1
2024.09.08 14:26:15 INFO  Disabled compiler plugin classloading, unsupported in 3.
2024.09.08 14:26:15 INFO  External classes directory /home/beliniko/development/scala/scala-native-test/.bloop/scala-native-test/bloop-bsp-clients-classes/classes-Metals-Aug90SRPSLCC-PE9RrErLA==
2024.09.08 14:26:15 INFO  Read-only classes directory /home/beliniko/development/scala/scala-native-test/.bloop/scala-native-test/bloop-internal-classes/classes-Metals-Aug90SRPSLCC-PE9RrErLA==-e45ZgzVgQXmav6Ac3n7t5g==
2024.09.08 14:26:15 INFO  New rw classes directory /home/beliniko/development/scala/scala-native-test/.bloop/scala-native-test/bloop-internal-classes/classes-Metals-Aug90SRPSLCC-PE9RrErLA==-BfjNo940RUul2ymu2_LXmw==
2024.09.08 14:26:15 INFO  No changes
2024.09.08 14:26:15 INFO  Triggering background tasks for /home/beliniko/development/scala/scala-native-test/.bloop/scala-native-test/bloop-bsp-clients-classes/classes-Metals-Aug90SRPSLCC-PE9RrErLA==
2024.09.08 14:26:15 INFO  Recording new last successful request for scala-native-test associated with /home/beliniko/development/scala/scala-native-test/.bloop/scala-native-test/bloop-internal-classes/classes-Metals-Aug90SRPSLCC-PE9RrErLA==-e45ZgzVgQXmav6Ac3n7t5g==
2024.09.08 14:26:15 INFO  Updating external classes dir with read only /home/beliniko/development/scala/scala-native-test/.bloop/scala-native-test/bloop-bsp-clients-classes/classes-Metals-Aug90SRPSLCC-PE9RrErLA==
2024.09.08 14:26:15 INFO  Finished copying classes from /home/beliniko/development/scala/scala-native-test/.bloop/scala-native-test/bloop-internal-classes/classes-Metals-Aug90SRPSLCC-PE9RrErLA==-e45ZgzVgQXmav6Ac3n7t5g== to /home/beliniko/development/scala/scala-native-test/.bloop/scala-native-test/bloop-bsp-clients-classes/classes-Metals-Aug90SRPSLCC-PE9RrErLA==
2024.09.08 14:26:15 INFO  Skipping delete of /home/beliniko/development/scala/scala-native-test/.bloop/scala-native-test/bloop-internal-classes/classes-Metals-Aug90SRPSLCC-PE9RrErLA==-e45ZgzVgQXmav6Ac3n7t5g== associated with no-op result
2024.09.08 14:26:15 INFO  Linking (multithreadingEnabled=true, disable if not used) (386 ms)
2024.09.08 14:26:15 INFO  Discovered 872 classes and 5338 methods after classloading
2024.09.08 14:26:15 INFO  Checking intermediate code (quick) (13 ms)
2024.09.08 14:26:15 INFO  Multithreading was not explicitly enabled - initial class loading has not detected any usage of system threads. Multithreading support will be disabled to improve performance.
2024.09.08 14:26:15 INFO  Linking (multithreadingEnabled=false) (188 ms)
2024.09.08 14:26:15 INFO  Discovered 491 classes and 2499 methods after classloading
2024.09.08 14:26:15 INFO  Checking intermediate code (quick) (4 ms)
2024.09.08 14:26:15 INFO  Discovered 470 classes and 1914 methods after optimization
2024.09.08 14:26:16 INFO  Optimizing (debug mode) (199 ms)
2024.09.08 14:26:16 INFO  Produced 44 LLVM IR files
2024.09.08 14:26:16 INFO  Generating intermediate code (407 ms)
2024.09.08 14:26:17 INFO  Compiling to native code (1435 ms)
2024.09.08 14:26:17 INFO  Linking with [pthread, dl]
2024.09.08 14:26:17 INFO  Linking native code (immix gc, none lto) (116 ms)
2024.09.08 14:26:17 INFO  Postprocessing (0 ms)
2024.09.08 14:26:17 INFO  Generated native binary '/home/beliniko/development/scala/scala-native-test/.bloop/scala-native-test/scala-native-test.out'
2024.09.08 14:26:17 INFO  Total (2486 ms)
2024.09.08 14:26:17 INFO  ABC(1,2,3)
2024.09.08 14:26:17 INFO  Hello, world!
2024.09.08 14:26:17 INFO  Canceling run for [Main]
2024.09.08 14:34:46 WARN  Using indexes to guess the definition of String
2024.09.08 14:34:48 WARN  Using indexes to guess the definition of String
sep. 08, 2024 2:34:55 WÓTPOŁDNJA org.eclipse.lsp4j.jsonrpc.RemoteEndpoint handleCancellation
WARNING: Unmatched cancel notification for request id 325
2024.09.08 14:35:26 WARN  Using indexes to guess the definition of String
2024.09.08 14:35:27 WARN  Using indexes to guess the definition of String
2024.09.09 11:26:14 INFO  Started: Metals version 1.3.5 in folders '/home/beliniko/development/scala/scala-native-test' for client Visual Studio Code 1.93.0.
SLF4J(W): Class path contains multiple SLF4J providers.
SLF4J(W): Found provider [scribe.slf4j.ScribeServiceProvider@7ded11d7]
SLF4J(W): Found provider [ch.qos.logback.classic.spi.LogbackServiceProvider@3f2a7f52]
SLF4J(W): See https://www.slf4j.org/codes.html#multiple_bindings for an explanation.
SLF4J(I): Actual provider is of type [scribe.slf4j.ScribeServiceProvider@7ded11d7]
2024.09.09 11:26:17 WARN  Flyway upgrade recommended: H2 2.3.230 is newer than this version of Flyway and support has not been tested. The latest supported version of H2 is 2.2.220.
2024.09.09 11:26:18 INFO  Attempting to connect to the build server...
2024.09.09 11:26:18 INFO  no build target found for /home/beliniko/development/scala/scala-native-test/src/main/scala/Main.scala. Using presentation compiler with project's scala-library version: 3.3.3
2024.09.09 11:26:22 INFO  tracing is disabled for protocol BSP, to enable tracing of incoming and outgoing JSON messages create an empty file at /home/beliniko/development/scala/scala-native-test/.metals/bsp.trace.json or /home/beliniko/.cache/metals/bsp.trace.json
2024.09.09 11:26:22 INFO  Attempting to connect to the build server...
2024.09.09 11:26:22 INFO  Attempting to connect to the build server...
2024.09.09 11:26:22 INFO  tracing is disabled for protocol BSP, to enable tracing of incoming and outgoing JSON messages create an empty file at /home/beliniko/development/scala/scala-native-test/project/project/.metals/bsp.trace.json or /home/beliniko/.cache/metals/bsp.trace.json
2024.09.09 11:26:22 INFO  tracing is disabled for protocol BSP, to enable tracing of incoming and outgoing JSON messages create an empty file at /home/beliniko/development/scala/scala-native-test/project/.metals/bsp.trace.json or /home/beliniko/.cache/metals/bsp.trace.json
2024.09.09 11:26:22 INFO  time: Connected to build server in 4.46s
2024.09.09 11:26:22 INFO  Connected to Build server: Bloop v1.6.0
2024.09.09 11:26:22 INFO  time: Imported build in 0.13s
2024.09.09 11:26:22 INFO  running doctor check
2024.09.09 11:26:22 INFO  java targets: scala-native-test, scala-native-test-build-build, scala-native-test-test, scala-native-test-build
2024.09.09 11:26:24 WARN  Could not find java sources in /usr/lib/jvm/src.zip, /usr/lib/jvm/lib/src.zip, /usr/lib/jvm/java-21-openjdk-amd64/src.zip, /usr/lib/jvm/java-21-openjdk-amd64/lib/src.zip. Java symbols will not be available.
2024.09.09 11:26:24 WARN  Could not find java sources in /usr/lib/jvm/src.zip, /usr/lib/jvm/lib/src.zip, /usr/lib/jvm/java-21-openjdk-amd64/src.zip, /usr/lib/jvm/java-21-openjdk-amd64/lib/src.zip. Java symbols will not be available.
2024.09.09 11:26:24 INFO  time: indexed workspace in 2.07s
2024.09.09 11:26:25 WARN  Detecting test frameworks in Scala Native projects is not yet supported
2024.09.09 11:26:25 INFO  compiling scala-native-test (1 scala source)
2024.09.09 11:26:28 INFO  time: compiled scala-native-test in 2.87s
2024.09.09 11:26:28 WARN  Detecting test frameworks in Scala Native projects is not yet supported
2024.09.09 11:27:32 INFO  time: code lens generation in 2.16s
2024.09.09 13:33:17 WARN  Target root /home/beliniko/development/scala/scala-native-test/project/.bloop/scala-native-test-build/bloop-bsp-clients-classes/classes-Metals-qOXXQLgFRi-S20FAtUqFaA== does not exist
2024.09.09 13:33:35 WARN  Target root /home/beliniko/development/scala/scala-native-test/.bloop/scala-native-test/bloop-bsp-clients-classes/classes-Metals-JQQZAWhqQRmQ4wyM7g_xaw== does not exist
2024.09.09 13:34:16 INFO  Shutting down server
2024.09.09 13:34:16 INFO  shutting down Metals
2024.09.09 13:34:16 INFO  Shut down connection with build server.
2024.09.09 13:34:16 INFO  Shut down connection with build server.
2024.09.09 13:34:16 INFO  Shut down connection with build server.
2024.09.09 13:34:16 INFO  Exiting server
2024.09.09 13:34:28 INFO  Started: Metals version 1.3.5 in folders '/home/beliniko/development/scala/scala-native-PRNG' for client Visual Studio Code 1.93.0.
SLF4J(W): Class path contains multiple SLF4J providers.
SLF4J(W): Found provider [scribe.slf4j.ScribeServiceProvider@680c7fcb]
SLF4J(W): Found provider [ch.qos.logback.classic.spi.LogbackServiceProvider@75e73deb]
SLF4J(W): See https://www.slf4j.org/codes.html#multiple_bindings for an explanation.
SLF4J(I): Actual provider is of type [scribe.slf4j.ScribeServiceProvider@680c7fcb]
2024.09.09 13:34:32 WARN  Flyway upgrade recommended: H2 2.3.230 is newer than this version of Flyway and support has not been tested. The latest supported version of H2 is 2.2.220.
2024.09.09 13:34:33 INFO  no build target found for /home/beliniko/development/scala/scala-native-PRNG/src/main/scala/Main.scala. Using presentation compiler with project's scala-library version: 3.3.3
2024.09.09 13:34:33 INFO  Attempting to connect to the build server...
2024.09.09 13:34:33 INFO  tracing is disabled for protocol BSP, to enable tracing of incoming and outgoing JSON messages create an empty file at /home/beliniko/development/scala/scala-native-PRNG/.metals/bsp.trace.json or /home/beliniko/.cache/metals/bsp.trace.json
2024.09.09 13:34:33 INFO  Attempting to connect to the build server...
2024.09.09 13:34:33 INFO  Attempting to connect to the build server...
2024.09.09 13:34:34 INFO  tracing is disabled for protocol BSP, to enable tracing of incoming and outgoing JSON messages create an empty file at /home/beliniko/development/scala/scala-native-PRNG/project/.metals/bsp.trace.json or /home/beliniko/.cache/metals/bsp.trace.json
2024.09.09 13:34:34 INFO  tracing is disabled for protocol BSP, to enable tracing of incoming and outgoing JSON messages create an empty file at /home/beliniko/development/scala/scala-native-PRNG/project/project/.metals/bsp.trace.json or /home/beliniko/.cache/metals/bsp.trace.json
2024.09.09 13:34:34 INFO  time: Connected to build server in 0.88s
2024.09.09 13:34:34 INFO  Connected to Build server: Bloop v1.6.0
2024.09.09 13:34:34 INFO  time: Imported build in 0.21s
2024.09.09 13:34:35 INFO  running doctor check
2024.09.09 13:34:35 INFO  java targets: scala-native-test-build, scala-native-test, scala-native-test-build-build, scala-native-test-test
2024.09.09 13:34:37 WARN  Could not find java sources in /usr/lib/jvm/src.zip, /usr/lib/jvm/lib/src.zip, /usr/lib/jvm/java-21-openjdk-amd64/src.zip, /usr/lib/jvm/java-21-openjdk-amd64/lib/src.zip. Java symbols will not be available.
2024.09.09 13:34:37 WARN  Could not find java sources in /usr/lib/jvm/src.zip, /usr/lib/jvm/lib/src.zip, /usr/lib/jvm/java-21-openjdk-amd64/src.zip, /usr/lib/jvm/java-21-openjdk-amd64/lib/src.zip. Java symbols will not be available.
2024.09.09 13:34:37 INFO  time: indexed workspace in 2.9s
2024.09.09 13:34:38 WARN  Detecting test frameworks in Scala Native projects is not yet supported
2024.09.09 13:34:38 WARN  no build target for: /home/beliniko/development/scala/scala-native-PRNG/src/main/scala/Main.scala
2024.09.09 13:34:38 INFO  no build target found for /home/beliniko/development/scala/scala-native-PRNG/src/main/scala/Main.scala. Using presentation compiler with project's scala-library version: 3.3.3
2024.09.09 13:34:38 INFO  no build target found for /home/beliniko/development/scala/scala-native-PRNG/src/main/scala/Main.scala. Using presentation compiler with project's scala-library version: 3.3.3
2024.09.09 13:34:40 INFO  time: code lens generation in 1.94s
2024.09.09 13:34:40 INFO  time: code lens generation in 1.7s
sep. 09, 2024 1:35:45 WÓTPOŁDNJA org.eclipse.lsp4j.jsonrpc.services.GenericEndpoint notify
INFO: Unsupported notification method: $/setTrace
2024.09.09 13:42:12 INFO  Shutting down server
2024.09.09 13:42:12 INFO  shutting down Metals
2024.09.09 13:42:12 INFO  Shut down connection with build server.
2024.09.09 13:42:12 INFO  Shut down connection with build server.
2024.09.09 13:42:12 INFO  Shut down connection with build server.
2024.09.09 13:42:12 INFO  Exiting server
2024.09.09 13:42:26 INFO  Started: Metals version 1.3.5 in folders '/home/beliniko/development/scala/scala-native-PRNG' for client Visual Studio Code 1.93.0.
SLF4J(W): Class path contains multiple SLF4J providers.
SLF4J(W): Found provider [scribe.slf4j.ScribeServiceProvider@aba2154]
SLF4J(W): Found provider [ch.qos.logback.classic.spi.LogbackServiceProvider@57674a8b]
SLF4J(W): See https://www.slf4j.org/codes.html#multiple_bindings for an explanation.
SLF4J(I): Actual provider is of type [scribe.slf4j.ScribeServiceProvider@aba2154]
2024.09.09 13:42:27 WARN  Flyway upgrade recommended: H2 2.3.230 is newer than this version of Flyway and support has not been tested. The latest supported version of H2 is 2.2.220.
2024.09.09 13:42:27 INFO  Attempting to connect to the build server...
2024.09.09 13:42:27 INFO  tracing is disabled for protocol BSP, to enable tracing of incoming and outgoing JSON messages create an empty file at /home/beliniko/development/scala/scala-native-PRNG/.metals/bsp.trace.json or /home/beliniko/.cache/metals/bsp.trace.json
2024.09.09 13:42:27 INFO  Attempting to connect to the build server...
2024.09.09 13:42:27 INFO  Attempting to connect to the build server...
2024.09.09 13:42:27 INFO  tracing is disabled for protocol BSP, to enable tracing of incoming and outgoing JSON messages create an empty file at /home/beliniko/development/scala/scala-native-PRNG/project/project/.metals/bsp.trace.json or /home/beliniko/.cache/metals/bsp.trace.json
2024.09.09 13:42:28 INFO  tracing is disabled for protocol BSP, to enable tracing of incoming and outgoing JSON messages create an empty file at /home/beliniko/development/scala/scala-native-PRNG/project/.metals/bsp.trace.json or /home/beliniko/.cache/metals/bsp.trace.json
2024.09.09 13:42:27 INFO  time: Connected to build server in 0.35s
2024.09.09 13:42:27 INFO  Connected to Build server: Bloop v1.6.0
2024.09.09 13:42:28 INFO  running doctor check
2024.09.09 13:42:28 INFO  java targets: scala-native-test, scala-native-prng-build-build, scala-native-prng-build, scala-native-test-test
2024.09.09 13:42:30 WARN  Could not find java sources in /usr/lib/jvm/src.zip, /usr/lib/jvm/lib/src.zip, /usr/lib/jvm/java-21-openjdk-amd64/src.zip, /usr/lib/jvm/java-21-openjdk-amd64/lib/src.zip. Java symbols will not be available.
2024.09.09 13:42:30 WARN  Could not find java sources in /usr/lib/jvm/src.zip, /usr/lib/jvm/lib/src.zip, /usr/lib/jvm/java-21-openjdk-amd64/src.zip, /usr/lib/jvm/java-21-openjdk-amd64/lib/src.zip. Java symbols will not be available.
2024.09.09 13:42:30 INFO  time: indexed workspace in 2.45s
2024.09.09 13:42:30 WARN  Detecting test frameworks in Scala Native projects is not yet supported
2024.09.09 13:42:36 INFO  no build target found for /home/beliniko/development/scala/scala-native-PRNG/src/main/scala/Main.scala. Using presentation compiler with project's scala-library version: 3.3.3
2024.09.09 13:42:36 INFO  no build target found for /home/beliniko/development/scala/scala-native-PRNG/src/main/scala/Main.scala. Using presentation compiler with project's scala-library version: 3.3.3
2024.09.09 13:42:38 INFO  time: code lens generation in 1.83s
sep. 09, 2024 1:47:49 WÓTPOŁDNJA org.eclipse.lsp4j.jsonrpc.services.GenericEndpoint notify
INFO: Unsupported notification method: $/setTrace
2024.09.09 13:52:05 INFO  no build target found for /home/beliniko/development/scala/scala-native-PRNG/src/main/scala/Main.scala. Using presentation compiler with project's scala-library version: 3.3.3
2024.09.09 13:52:27 INFO  Shutting down server
2024.09.09 13:52:27 INFO  shutting down Metals
2024.09.09 13:52:27 INFO  Shut down connection with build server.
2024.09.09 13:52:27 INFO  Shut down connection with build server.
2024.09.09 13:52:27 INFO  Shut down connection with build server.
2024.09.09 13:52:27 INFO  Exiting server
2024.09.09 13:52:42 INFO  Started: Metals version 1.3.5 in folders '/home/beliniko/development/scala/scala-native-PRNG' for client Visual Studio Code 1.93.0.
SLF4J(W): Class path contains multiple SLF4J providers.
SLF4J(W): Found provider [scribe.slf4j.ScribeServiceProvider@3e3b9c2b]
SLF4J(W): Found provider [ch.qos.logback.classic.spi.LogbackServiceProvider@7a92fcc]
SLF4J(W): See https://www.slf4j.org/codes.html#multiple_bindings for an explanation.
SLF4J(I): Actual provider is of type [scribe.slf4j.ScribeServiceProvider@3e3b9c2b]
2024.09.09 13:52:42 WARN  Flyway upgrade recommended: H2 2.3.230 is newer than this version of Flyway and support has not been tested. The latest supported version of H2 is 2.2.220.
2024.09.09 13:52:43 INFO  no build target found for /home/beliniko/development/scala/scala-native-PRNG/src/main/scala/Main.scala. Using presentation compiler with project's scala-library version: 3.3.3
2024.09.09 13:52:43 INFO  Attempting to connect to the build server...
2024.09.09 13:52:43 INFO  tracing is disabled for protocol BSP, to enable tracing of incoming and outgoing JSON messages create an empty file at /home/beliniko/development/scala/scala-native-PRNG/.metals/bsp.trace.json or /home/beliniko/.cache/metals/bsp.trace.json
2024.09.09 13:52:43 INFO  Attempting to connect to the build server...
2024.09.09 13:52:43 INFO  Attempting to connect to the build server...
2024.09.09 13:52:43 INFO  tracing is disabled for protocol BSP, to enable tracing of incoming and outgoing JSON messages create an empty file at /home/beliniko/development/scala/scala-native-PRNG/project/project/.metals/bsp.trace.json or /home/beliniko/.cache/metals/bsp.trace.json
2024.09.09 13:52:44 INFO  tracing is disabled for protocol BSP, to enable tracing of incoming and outgoing JSON messages create an empty file at /home/beliniko/development/scala/scala-native-PRNG/project/.metals/bsp.trace.json or /home/beliniko/.cache/metals/bsp.trace.json
2024.09.09 13:52:44 INFO  time: Connected to build server in 0.55s
2024.09.09 13:52:44 INFO  Connected to Build server: Bloop v1.6.0
2024.09.09 13:52:44 INFO  time: Imported build in 0.14s
2024.09.09 13:52:44 INFO  running doctor check
2024.09.09 13:52:44 INFO  java targets: scala-native-test, scala-native-prng-build-build, scala-native-prng-build, scala-native-test-test
2024.09.09 13:52:46 WARN  Could not find java sources in /usr/lib/jvm/src.zip, /usr/lib/jvm/lib/src.zip, /usr/lib/jvm/java-21-openjdk-amd64/src.zip, /usr/lib/jvm/java-21-openjdk-amd64/lib/src.zip. Java symbols will not be available.
2024.09.09 13:52:46 WARN  Could not find java sources in /usr/lib/jvm/src.zip, /usr/lib/jvm/lib/src.zip, /usr/lib/jvm/java-21-openjdk-amd64/src.zip, /usr/lib/jvm/java-21-openjdk-amd64/lib/src.zip. Java symbols will not be available.
2024.09.09 13:52:46 INFO  time: indexed workspace in 2.19s
2024.09.09 13:52:46 WARN  Detecting test frameworks in Scala Native projects is not yet supported
2024.09.09 13:52:46 WARN  no build target for: /home/beliniko/development/scala/scala-native-PRNG/src/main/scala/Main.scala
2024.09.09 13:52:46 INFO  no build target found for /home/beliniko/development/scala/scala-native-PRNG/src/main/scala/Main.scala. Using presentation compiler with project's scala-library version: 3.3.3
2024.09.09 13:52:46 INFO  no build target found for /home/beliniko/development/scala/scala-native-PRNG/src/main/scala/Main.scala. Using presentation compiler with project's scala-library version: 3.3.3
2024.09.09 13:52:48 INFO  time: code lens generation in 1.31s
2024.09.09 13:52:48 INFO  time: code lens generation in 1.08s
2024.09.09 13:52:48 INFO  time: code lens generation in 1.32s
sep. 09, 2024 1:56:36 WÓTPOŁDNJA org.eclipse.lsp4j.jsonrpc.RemoteEndpoint handleNotification
WARNING: Notification threw an exception: {
  "jsonrpc": "2.0",
  "method": "metals/didFocusTextDocument",
  "params": [
    "git:/home/beliniko/development/scala/scala-native-PRNG/build.sbt?%7B%22path%22%3A%22%2Fhome%2Fbeliniko%2Fdevelopment%2Fscala%2Fscala-native-PRNG%2Fbuild.sbt%22%2C%22ref%22%3A%22%22%7D"
  ]
}
java.nio.file.FileSystemNotFoundException: Provider "git" not installed
	at java.base/java.nio.file.Path.of(Path.java:213)
	at java.base/java.nio.file.Paths.get(Paths.java:98)
	at scala.meta.internal.mtags.MtagsEnrichments$XtensionURIMtags.toAbsolutePath(MtagsEnrichments.scala:130)
	at scala.meta.internal.mtags.MtagsEnrichments$XtensionStringMtags.toAbsolutePath(MtagsEnrichments.scala:187)
	at scala.meta.internal.metals.MetalsEnrichments$XtensionString.toAbsolutePath(MetalsEnrichments.scala:773)
	at scala.meta.internal.metals.MetalsEnrichments$XtensionString.toAbsolutePath(MetalsEnrichments.scala:770)
	at scala.meta.internal.metals.WorkspaceLspService.didFocus(WorkspaceLspService.scala:698)
	at scala.meta.metals.lsp.DelegatingScalaService.didFocus(DelegatingScalaService.scala:43)
	at java.base/jdk.internal.reflect.DirectMethodHandleAccessor.invoke(DirectMethodHandleAccessor.java:103)
	at java.base/java.lang.reflect.Method.invoke(Method.java:580)
	at org.eclipse.lsp4j.jsonrpc.services.GenericEndpoint.lambda$recursiveFindRpcMethods$0(GenericEndpoint.java:65)
	at org.eclipse.lsp4j.jsonrpc.services.GenericEndpoint.notify(GenericEndpoint.java:160)
	at org.eclipse.lsp4j.jsonrpc.RemoteEndpoint.handleNotification(RemoteEndpoint.java:231)
	at org.eclipse.lsp4j.jsonrpc.RemoteEndpoint.consume(RemoteEndpoint.java:198)
	at org.eclipse.lsp4j.jsonrpc.json.StreamMessageProducer.handleMessage(StreamMessageProducer.java:185)
	at org.eclipse.lsp4j.jsonrpc.json.StreamMessageProducer.listen(StreamMessageProducer.java:97)
	at org.eclipse.lsp4j.jsonrpc.json.ConcurrentMessageProcessor.run(ConcurrentMessageProcessor.java:114)
	at java.base/java.util.concurrent.Executors$RunnableAdapter.call(Executors.java:572)
	at java.base/java.util.concurrent.FutureTask.run(FutureTask.java:317)
	at java.base/java.util.concurrent.ThreadPoolExecutor.runWorker(ThreadPoolExecutor.java:1144)
	at java.base/java.util.concurrent.ThreadPoolExecutor$Worker.run(ThreadPoolExecutor.java:642)
	at java.base/java.lang.Thread.run(Thread.java:1583)

2024.09.09 13:56:56 INFO  no build target found for /home/beliniko/development/scala/scala-native-PRNG/src/main/scala/Main.scala. Using presentation compiler with project's scala-library version: 3.3.3
2024.09.09 14:01:07 INFO  Shutting down server
2024.09.09 14:01:07 INFO  shutting down Metals
2024.09.09 14:01:07 INFO  Shut down connection with build server.
2024.09.09 14:01:07 INFO  Shut down connection with build server.
2024.09.09 14:01:07 INFO  Shut down connection with build server.
2024.09.09 14:01:07 INFO  Exiting server
2024.09.09 14:01:22 INFO  Started: Metals version 1.3.5 in folders '/home/beliniko/development/scala/scala-native-PRNG' for client Visual Studio Code 1.93.0.
SLF4J(W): Class path contains multiple SLF4J providers.
SLF4J(W): Found provider [scribe.slf4j.ScribeServiceProvider@10f630b0]
SLF4J(W): Found provider [ch.qos.logback.classic.spi.LogbackServiceProvider@694347e9]
SLF4J(W): See https://www.slf4j.org/codes.html#multiple_bindings for an explanation.
SLF4J(I): Actual provider is of type [scribe.slf4j.ScribeServiceProvider@10f630b0]
2024.09.09 14:01:22 WARN  Flyway upgrade recommended: H2 2.3.230 is newer than this version of Flyway and support has not been tested. The latest supported version of H2 is 2.2.220.
2024.09.09 14:01:23 INFO  no build target found for /home/beliniko/development/scala/scala-native-PRNG/src/main/scala/Main.scala. Using presentation compiler with project's scala-library version: 3.3.3
2024.09.09 14:01:23 INFO  Attempting to connect to the build server...
2024.09.09 14:01:23 INFO  tracing is disabled for protocol BSP, to enable tracing of incoming and outgoing JSON messages create an empty file at /home/beliniko/development/scala/scala-native-PRNG/.metals/bsp.trace.json or /home/beliniko/.cache/metals/bsp.trace.json
2024.09.09 14:01:23 INFO  Attempting to connect to the build server...
2024.09.09 14:01:23 INFO  Attempting to connect to the build server...
2024.09.09 14:01:23 INFO  tracing is disabled for protocol BSP, to enable tracing of incoming and outgoing JSON messages create an empty file at /home/beliniko/development/scala/scala-native-PRNG/project/project/.metals/bsp.trace.json or /home/beliniko/.cache/metals/bsp.trace.json
2024.09.09 14:01:23 INFO  tracing is disabled for protocol BSP, to enable tracing of incoming and outgoing JSON messages create an empty file at /home/beliniko/development/scala/scala-native-PRNG/project/.metals/bsp.trace.json or /home/beliniko/.cache/metals/bsp.trace.json
2024.09.09 14:01:23 INFO  time: Connected to build server in 0.52s
2024.09.09 14:01:23 INFO  Connected to Build server: Bloop v1.6.0
2024.09.09 14:01:24 INFO  running doctor check
2024.09.09 14:01:24 INFO  java targets: scala-native-test, scala-native-prng-build-build, scala-native-prng-build, scala-native-test-test
2024.09.09 14:01:26 WARN  Could not find java sources in /usr/lib/jvm/src.zip, /usr/lib/jvm/lib/src.zip, /usr/lib/jvm/java-21-openjdk-amd64/src.zip, /usr/lib/jvm/java-21-openjdk-amd64/lib/src.zip. Java symbols will not be available.
2024.09.09 14:01:26 WARN  Could not find java sources in /usr/lib/jvm/src.zip, /usr/lib/jvm/lib/src.zip, /usr/lib/jvm/java-21-openjdk-amd64/src.zip, /usr/lib/jvm/java-21-openjdk-amd64/lib/src.zip. Java symbols will not be available.
2024.09.09 14:01:26 INFO  time: indexed workspace in 2.19s
2024.09.09 14:01:26 WARN  Detecting test frameworks in Scala Native projects is not yet supported
2024.09.09 14:01:26 WARN  no build target for: /home/beliniko/development/scala/scala-native-PRNG/src/main/scala/Main.scala
2024.09.09 14:01:26 INFO  no build target found for /home/beliniko/development/scala/scala-native-PRNG/src/main/scala/Main.scala. Using presentation compiler with project's scala-library version: 3.3.3
2024.09.09 14:01:26 INFO  no build target found for /home/beliniko/development/scala/scala-native-PRNG/src/main/scala/Main.scala. Using presentation compiler with project's scala-library version: 3.3.3
2024.09.09 14:01:27 INFO  time: code lens generation in 1.29s
sep. 09, 2024 2:01:29 WÓTPOŁDNJA org.eclipse.lsp4j.jsonrpc.RemoteEndpoint handleCancellation
WARNING: Unmatched cancel notification for request id 6
sep. 09, 2024 2:04:47 WÓTPOŁDNJA org.eclipse.lsp4j.jsonrpc.services.GenericEndpoint notify
INFO: Unsupported notification method: $/setTrace
2024.09.09 14:04:59 INFO  Shutting down server
2024.09.09 14:04:59 INFO  shutting down Metals
2024.09.09 14:04:59 INFO  Shut down connection with build server.
2024.09.09 14:04:59 INFO  Shut down connection with build server.
2024.09.09 14:04:59 INFO  Shut down connection with build server.
2024.09.09 14:04:59 INFO  Exiting server
2024.09.09 14:05:16 INFO  Started: Metals version 1.3.5 in folders '/home/beliniko/development/scala/scala-native-PRNG' for client Visual Studio Code 1.93.0.
SLF4J(W): Class path contains multiple SLF4J providers.
SLF4J(W): Found provider [scribe.slf4j.ScribeServiceProvider@4bbcfe1c]
SLF4J(W): Found provider [ch.qos.logback.classic.spi.LogbackServiceProvider@226fabd]
SLF4J(W): See https://www.slf4j.org/codes.html#multiple_bindings for an explanation.
SLF4J(I): Actual provider is of type [scribe.slf4j.ScribeServiceProvider@4bbcfe1c]
2024.09.09 14:05:17 WARN  Flyway upgrade recommended: H2 2.3.230 is newer than this version of Flyway and support has not been tested. The latest supported version of H2 is 2.2.220.
2024.09.09 14:05:17 INFO  Attempting to connect to the build server...
2024.09.09 14:05:17 INFO  tracing is disabled for protocol BSP, to enable tracing of incoming and outgoing JSON messages create an empty file at /home/beliniko/development/scala/scala-native-PRNG/.metals/bsp.trace.json or /home/beliniko/.cache/metals/bsp.trace.json
2024.09.09 14:05:17 INFO  Attempting to connect to the build server...
2024.09.09 14:05:17 INFO  Attempting to connect to the build server...
2024.09.09 14:05:18 INFO  tracing is disabled for protocol BSP, to enable tracing of incoming and outgoing JSON messages create an empty file at /home/beliniko/development/scala/scala-native-PRNG/project/project/.metals/bsp.trace.json or /home/beliniko/.cache/metals/bsp.trace.json
2024.09.09 14:05:17 INFO  tracing is disabled for protocol BSP, to enable tracing of incoming and outgoing JSON messages create an empty file at /home/beliniko/development/scala/scala-native-PRNG/project/.metals/bsp.trace.json or /home/beliniko/.cache/metals/bsp.trace.json
2024.09.09 14:05:17 INFO  time: Connected to build server in 0.41s
2024.09.09 14:05:17 INFO  Connected to Build server: Bloop v1.6.0
2024.09.09 14:05:18 INFO  running doctor check
2024.09.09 14:05:18 INFO  java targets: scala-native-test, scala-native-prng-build-build, scala-native-prng-build, scala-native-test-test
2024.09.09 14:05:20 WARN  Could not find java sources in /usr/lib/jvm/src.zip, /usr/lib/jvm/lib/src.zip, /usr/lib/jvm/java-21-openjdk-amd64/src.zip, /usr/lib/jvm/java-21-openjdk-amd64/lib/src.zip. Java symbols will not be available.
2024.09.09 14:05:20 WARN  Could not find java sources in /usr/lib/jvm/src.zip, /usr/lib/jvm/lib/src.zip, /usr/lib/jvm/java-21-openjdk-amd64/src.zip, /usr/lib/jvm/java-21-openjdk-amd64/lib/src.zip. Java symbols will not be available.
2024.09.09 14:05:20 INFO  time: indexed workspace in 2.43s
2024.09.09 14:05:20 WARN  Detecting test frameworks in Scala Native projects is not yet supported
sep. 09, 2024 2:05:44 WÓTPOŁDNJA org.eclipse.lsp4j.jsonrpc.services.GenericEndpoint notify
INFO: Unsupported notification method: $/setTrace
2024.09.09 14:06:15 INFO  no build target found for /home/beliniko/development/scala/scala-native-PRNG/src/main/scala/Main.scala. Using presentation compiler with project's scala-library version: 3.3.3
2024.09.09 14:06:15 INFO  no build target found for /home/beliniko/development/scala/scala-native-PRNG/src/main/scala/Main.scala. Using presentation compiler with project's scala-library version: 3.3.3
2024.09.09 14:06:17 INFO  time: code lens generation in 1.97s
2024.09.09 14:06:41 INFO  no build target found for /home/beliniko/development/scala/scala-native-PRNG/src/main/scala/Main.scala. Using presentation compiler with project's scala-library version: 3.3.3
2024.09.09 14:13:23 INFO  Shutting down server
2024.09.09 14:13:23 INFO  shutting down Metals
2024.09.09 14:13:23 INFO  Shut down connection with build server.
2024.09.09 14:13:23 INFO  Shut down connection with build server.
2024.09.09 14:13:23 INFO  Shut down connection with build server.
2024.09.09 14:13:23 INFO  Exiting server
2024.09.09 14:13:46 INFO  Started: Metals version 1.3.5 in folders '/home/beliniko/development/scala/scala-native-PRNG' for client Visual Studio Code 1.93.0.
SLF4J(W): Class path contains multiple SLF4J providers.
SLF4J(W): Found provider [scribe.slf4j.ScribeServiceProvider@7c47314f]
SLF4J(W): Found provider [ch.qos.logback.classic.spi.LogbackServiceProvider@3f3a08d5]
SLF4J(W): See https://www.slf4j.org/codes.html#multiple_bindings for an explanation.
SLF4J(I): Actual provider is of type [scribe.slf4j.ScribeServiceProvider@7c47314f]
2024.09.09 14:13:47 WARN  Flyway upgrade recommended: H2 2.3.230 is newer than this version of Flyway and support has not been tested. The latest supported version of H2 is 2.2.220.
2024.09.09 14:13:47 INFO  Attempting to connect to the build server...
2024.09.09 14:13:47 INFO  tracing is disabled for protocol BSP, to enable tracing of incoming and outgoing JSON messages create an empty file at /home/beliniko/development/scala/scala-native-PRNG/.metals/bsp.trace.json or /home/beliniko/.cache/metals/bsp.trace.json
2024.09.09 14:13:47 INFO  Attempting to connect to the build server...
2024.09.09 14:13:47 INFO  Attempting to connect to the build server...
2024.09.09 14:13:47 INFO  tracing is disabled for protocol BSP, to enable tracing of incoming and outgoing JSON messages create an empty file at /home/beliniko/development/scala/scala-native-PRNG/project/project/.metals/bsp.trace.json or /home/beliniko/.cache/metals/bsp.trace.json
2024.09.09 14:13:47 INFO  tracing is disabled for protocol BSP, to enable tracing of incoming and outgoing JSON messages create an empty file at /home/beliniko/development/scala/scala-native-PRNG/project/.metals/bsp.trace.json or /home/beliniko/.cache/metals/bsp.trace.json
2024.09.09 14:13:47 INFO  time: Connected to build server in 0.43s
2024.09.09 14:13:47 INFO  Connected to Build server: Bloop v1.6.0
2024.09.09 14:13:48 INFO  running doctor check
2024.09.09 14:13:48 INFO  java targets: scala-native-test, scala-native-prng-build-build, scala-native-prng-build, scala-native-test-test
2024.09.09 14:13:50 WARN  Could not find java sources in /usr/lib/jvm/src.zip, /usr/lib/jvm/lib/src.zip, /usr/lib/jvm/java-21-openjdk-amd64/src.zip, /usr/lib/jvm/java-21-openjdk-amd64/lib/src.zip. Java symbols will not be available.
2024.09.09 14:13:50 WARN  Could not find java sources in /usr/lib/jvm/src.zip, /usr/lib/jvm/lib/src.zip, /usr/lib/jvm/java-21-openjdk-amd64/src.zip, /usr/lib/jvm/java-21-openjdk-amd64/lib/src.zip. Java symbols will not be available.
2024.09.09 14:13:50 INFO  time: indexed workspace in 2.53s
2024.09.09 14:13:50 WARN  Detecting test frameworks in Scala Native projects is not yet supported
2024.09.09 14:13:55 INFO  no build target found for /home/beliniko/development/scala/scala-native-PRNG/src/main/scala/Main.scala. Using presentation compiler with project's scala-library version: 3.3.3
2024.09.09 14:13:55 INFO  no build target found for /home/beliniko/development/scala/scala-native-PRNG/src/main/scala/Main.scala. Using presentation compiler with project's scala-library version: 3.3.3
2024.09.09 14:13:57 INFO  time: code lens generation in 1.96s
sep. 09, 2024 2:14:00 WÓTPOŁDNJA org.eclipse.lsp4j.jsonrpc.services.GenericEndpoint notify
INFO: Unsupported notification method: $/setTrace
2024.09.09 14:14:23 INFO  no build target found for /home/beliniko/development/scala/scala-native-PRNG/src/main/scala/Main.scala. Using presentation compiler with project's scala-library version: 3.3.3
